<?xml version="1.0" encoding="UTF-8"?>
<!-- Generated by org.testng.reporters.JUnitXMLReporter -->
<testsuite ignored="0" hostname="LAPTOP-KB7KK6RH" failures="1" tests="3" name="Default test" time="13.534" errors="0" timestamp="2022-04-25T00:54:51 IST">
  <testcase classname="io.cucumber.testng.AbstractTestNGCucumberTests" name="runScenario" time="10.045"/>
  <testcase classname="io.cucumber.testng.AbstractTestNGCucumberTests" name="runScenario" time="11.172"/>
  <testcase classname="io.cucumber.testng.AbstractTestNGCucumberTests" name="runScenario" time="11.449">
    <failure type="java.lang.AssertionError" message="expected [Beetroot] but found [No data]">
      <![CDATA[java.lang.AssertionError: expected [Beetroot] but found [No data]
at org.testng.Assert.fail(Assert.java:99)
at org.testng.Assert.failNotEquals(Assert.java:1037)
at org.testng.Assert.assertEqualsImpl(Assert.java:140)
at org.testng.Assert.assertEquals(Assert.java:122)
at org.testng.Assert.assertEquals(Assert.java:629)
at org.testng.Assert.assertEquals(Assert.java:639)
at stepDefinitions.OfferPageStepDefinition.validate_product_name_in_Offers_page(OfferPageStepDefinition.java:58)
at ✽.validate product name in offers page matches with Landing Page(file:///C:/Users/prani/Projects/CucumberFrameworkwithTestNGRunner/src/test/java/features/searchProduct.feature:8)
]]>
    </failure>
  </testcase> <!-- runScenario -->
</testsuite> <!-- Default test -->
